<?xml version="1.0" encoding="UTF-8"?>
<!-- Generated by org.testng.reporters.JUnitReportReporter -->
<testsuite hostname="KARAMATSU" failures="0" tests="1" name="com.inetbanking.testCases.TC_AddCustomerTest_003" time="17.439" errors="0" timestamp="28 Nov 2018 20:47:18 GMT" skipped="0">
  <testcase classname="com.inetbanking.testCases.TC_AddCustomerTest_003" name="addNewCustomer" time="17.439"/>
</testsuite> <!-- com.inetbanking.testCases.TC_AddCustomerTest_003 -->
